<?xml version="1.0" encoding="UTF-8"?>
<!-- Generated by org.testng.reporters.JUnitXMLReporter -->
<testsuite ignored="0" hostname="Smitas-MacBook-Air.local" failures="0" tests="4" name="/Users/smitabose/IdeaProjects/KylieCosmetics_GP/src/test/java/org/KylieCosmetics/VerifyNavBarTest.java" time="8.642" errors="0" timestamp="2023-05-08T02:50:19 IST">
  <testcase classname="org.KylieCosmetics.VerifyNavBarTest" name="environmentTest" time="8.361"/>
  <testcase classname="org.KylieCosmetics.VerifyNavBarTest" name="setCookieConsent" time="0.064"/>
  <testcase classname="org.KylieCosmetics.VerifyNavBarTest" name="verifyNavBar" time="0.077"/>
  <testcase classname="org.KylieCosmetics.VerifyNavBarTest" name="teardown" time="0.135"/>
</testsuite> <!-- /Users/smitabose/IdeaProjects/KylieCosmetics_GP/src/test/java/org/KylieCosmetics/VerifyNavBarTest.java -->
