<?xml version="1.0" encoding="UTF-8"?>
<!-- Generated by org.testng.reporters.JUnitXMLReporter -->
<testsuite ignored="0" hostname="Smitas-MacBook-Air.local" failures="0" tests="3" name="/Users/smitabose/IdeaProjects/KylieCosmetics_GP/src/test/java/org/KylieCosmetics/VerifyHomePageTitle.java" time="10.087" errors="0" timestamp="2023-05-08T02:50:10 IST">
  <testcase classname="org.KylieCosmetics.VerifyHomePageTitle" name="environmentTest" time="9.953"/>
  <testcase classname="org.KylieCosmetics.VerifyHomePageTitle" name="verifyTitle" time="0.002"/>
  <testcase classname="org.KylieCosmetics.VerifyHomePageTitle" name="teardown" time="0.128"/>
</testsuite> <!-- /Users/smitabose/IdeaProjects/KylieCosmetics_GP/src/test/java/org/KylieCosmetics/VerifyHomePageTitle.java -->
