<?xml version="1.0" encoding="UTF-8"?>
<!-- Generated by org.testng.reporters.JUnitXMLReporter -->
<testsuite ignored="0" hostname="Smitas-MacBook-Air.local" failures="0" tests="3" name="/Users/smitabose/IdeaProjects/KylieCosmetics_GP/src/test/java/org/KylieCosmetics/LoadTimeTest.java" time="10.373" errors="0" timestamp="2023-05-06T14:47:42 IST">
  <testcase classname="org.KylieCosmetics.LoadTimeTest" name="environmentTest" time="7.642"/>
  <testcase classname="org.KylieCosmetics.LoadTimeTest" name="websiteLoadTime" time="2.576"/>
  <testcase classname="org.KylieCosmetics.LoadTimeTest" name="teardown" time="0.151"/>
</testsuite> <!-- /Users/smitabose/IdeaProjects/KylieCosmetics_GP/src/test/java/org/KylieCosmetics/LoadTimeTest.java -->
