<?xml version="1.0" encoding="UTF-8"?>
<!-- Generated by org.testng.reporters.JUnitXMLReporter -->
<testsuite ignored="0" hostname="Smitas-MacBook-Air.local" failures="0" tests="4" name="/Users/smitabose/IdeaProjects/KylieCosmetics_GP/src/test/java/org/KylieCosmetics/SearchFunctionalityTest.java" time="9.51" errors="0" timestamp="2023-05-06T14:48:27 IST">
  <testcase classname="org.KylieCosmetics.SearchFunctionalityTest" name="environmentTest" time="8.026"/>
  <testcase classname="org.KylieCosmetics.SearchFunctionalityTest" name="setCookieConsent" time="0.061"/>
  <testcase classname="org.KylieCosmetics.SearchFunctionalityTest" name="verifySearch" time="1.314"/>
  <testcase classname="org.KylieCosmetics.SearchFunctionalityTest" name="teardown" time="0.107"/>
</testsuite> <!-- /Users/smitabose/IdeaProjects/KylieCosmetics_GP/src/test/java/org/KylieCosmetics/SearchFunctionalityTest.java -->
