<?xml version="1.0" encoding="UTF-8"?>
<!-- Generated by org.testng.reporters.JUnitXMLReporter -->
<testsuite ignored="0" hostname="Smitas-MacBook-Air.local" failures="0" tests="4" name="/Users/smitabose/IdeaProjects/KylieCosmetics_GP/src/test/java/org/KylieCosmetics/VerifyNavBarTest.java" time="8.758" errors="0" timestamp="2023-05-06T14:48:18 IST">
  <testcase classname="org.KylieCosmetics.VerifyNavBarTest" name="environmentTest" time="8.572"/>
  <testcase classname="org.KylieCosmetics.VerifyNavBarTest" name="setCookieConsent" time="0.059"/>
  <testcase classname="org.KylieCosmetics.VerifyNavBarTest" name="verifyNavBar" time="0.015"/>
  <testcase classname="org.KylieCosmetics.VerifyNavBarTest" name="teardown" time="0.108"/>
</testsuite> <!-- /Users/smitabose/IdeaProjects/KylieCosmetics_GP/src/test/java/org/KylieCosmetics/VerifyNavBarTest.java -->
