<?xml version="1.0" encoding="UTF-8"?>
<!-- Generated by org.testng.reporters.JUnitXMLReporter -->
<testsuite ignored="0" hostname="Smitas-MacBook-Air.local" failures="0" tests="4" name="/Users/smitabose/IdeaProjects/KylieCosmetics_GP/src/test/java/org/KylieCosmetics/SocialMediaLinksTest.java" time="26.581" errors="0" timestamp="2023-05-06T14:49:49 IST">
  <testcase classname="org.KylieCosmetics.SocialMediaLinksTest" name="CookieConsent" time="0.281"/>
  <testcase classname="org.KylieCosmetics.SocialMediaLinksTest" name="facebookTest" time="8.259"/>
  <testcase classname="org.KylieCosmetics.SocialMediaLinksTest" name="instagramTest" time="5.093"/>
  <testcase classname="org.KylieCosmetics.SocialMediaLinksTest" name="twitterTest" time="5.115"/>
</testsuite> <!-- /Users/smitabose/IdeaProjects/KylieCosmetics_GP/src/test/java/org/KylieCosmetics/SocialMediaLinksTest.java -->
