<?xml version="1.0" encoding="UTF-8"?>
<!-- Generated by org.testng.reporters.JUnitXMLReporter -->
<testsuite ignored="0" hostname="Smitas-MacBook-Air.local" failures="0" tests="4" name="/Users/smitabose/IdeaProjects/KylieCosmetics_GP/src/test/java/org/KylieCosmetics/SearchFunctionalityTest.java" time="9.588" errors="0" timestamp="2023-05-08T02:50:28 IST">
  <testcase classname="org.KylieCosmetics.SearchFunctionalityTest" name="environmentTest" time="7.997"/>
  <testcase classname="org.KylieCosmetics.SearchFunctionalityTest" name="setCookieConsent" time="0.037"/>
  <testcase classname="org.KylieCosmetics.SearchFunctionalityTest" name="verifySearch" time="1.431"/>
  <testcase classname="org.KylieCosmetics.SearchFunctionalityTest" name="teardown" time="0.121"/>
</testsuite> <!-- /Users/smitabose/IdeaProjects/KylieCosmetics_GP/src/test/java/org/KylieCosmetics/SearchFunctionalityTest.java -->
