<?xml version="1.0" encoding="UTF-8"?>
<!-- Generated by org.testng.reporters.JUnitXMLReporter -->
<testsuite ignored="0" hostname="Smitas-MacBook-Air.local" failures="0" tests="3" name="/Users/smitabose/IdeaProjects/KylieCosmetics_GP/src/test/java/org/KylieCosmetics/LoadTimeTest.java" time="11.0" errors="0" timestamp="2023-05-08T02:49:44 IST">
  <testcase classname="org.KylieCosmetics.LoadTimeTest" name="environmentTest" time="8.239"/>
  <testcase classname="org.KylieCosmetics.LoadTimeTest" name="websiteLoadTime" time="2.647"/>
  <testcase classname="org.KylieCosmetics.LoadTimeTest" name="teardown" time="0.109"/>
</testsuite> <!-- /Users/smitabose/IdeaProjects/KylieCosmetics_GP/src/test/java/org/KylieCosmetics/LoadTimeTest.java -->
