<?xml version="1.0" encoding="UTF-8"?>
<!-- Generated by org.testng.reporters.JUnitXMLReporter -->
<testsuite ignored="0" hostname="Smitas-MacBook-Air.local" failures="0" tests="3" name="/Users/smitabose/IdeaProjects/KylieCosmetics_GP/src/test/java/org/KylieCosmetics/CompatibilityTest.java" time="8.647" errors="0" timestamp="2023-05-06T14:47:22 IST">
  <testcase classname="org.KylieCosmetics.CompatibilityTest" name="environmentTest" time="7.883"/>
  <testcase classname="org.KylieCosmetics.CompatibilityTest" name="setCookieConsent" time="0.441"/>
  <testcase classname="org.KylieCosmetics.CompatibilityTest" name="teardown" time="0.306"/>
</testsuite> <!-- /Users/smitabose/IdeaProjects/KylieCosmetics_GP/src/test/java/org/KylieCosmetics/CompatibilityTest.java -->
