<?xml version="1.0" encoding="UTF-8"?>
<!-- Generated by org.testng.reporters.JUnitXMLReporter -->
<testsuite ignored="0" hostname="Smitas-MacBook-Air.local" failures="0" tests="10" name="/Users/smitabose/IdeaProjects/KylieCosmetics_GP/src/test/java/org/KylieCosmetics/FunctionalityTest.java" time="54.367" errors="0" timestamp="2023-05-06T14:49:22 IST">
  <testcase classname="org.KylieCosmetics.FunctionalityTest" name="environmentTest" time="7.619"/>
  <testcase classname="org.KylieCosmetics.FunctionalityTest" name="CookieConsent" time="0.081"/>
  <testcase classname="org.KylieCosmetics.FunctionalityTest" name="login" time="13.19"/>
  <testcase classname="org.KylieCosmetics.FunctionalityTest" name="search" time="12.024"/>
  <testcase classname="org.KylieCosmetics.FunctionalityTest" name="getProductDetails" time="3.289"/>
  <testcase classname="org.KylieCosmetics.FunctionalityTest" name="addToWishlist" time="3.043"/>
  <testcase classname="org.KylieCosmetics.FunctionalityTest" name="checkWishList" time="4.873"/>
  <testcase classname="org.KylieCosmetics.FunctionalityTest" name="productAddToCart" time="3.055"/>
  <testcase classname="org.KylieCosmetics.FunctionalityTest" name="checkoutProduct" time="7.01"/>
  <testcase classname="org.KylieCosmetics.FunctionalityTest" name="teardown" time="0.17"/>
</testsuite> <!-- /Users/smitabose/IdeaProjects/KylieCosmetics_GP/src/test/java/org/KylieCosmetics/FunctionalityTest.java -->
