<?xml version="1.0" encoding="UTF-8"?>
<!-- Generated by org.testng.reporters.JUnitXMLReporter -->
<testsuite ignored="0" hostname="Smitas-MacBook-Air.local" failures="0" tests="3" name="/Users/smitabose/IdeaProjects/KylieCosmetics_GP/src/test/java/org/KylieCosmetics/VerifyHomePageTitle.java" time="7.362" errors="0" timestamp="2023-05-06T14:48:09 IST">
  <testcase classname="org.KylieCosmetics.VerifyHomePageTitle" name="environmentTest" time="7.247"/>
  <testcase classname="org.KylieCosmetics.VerifyHomePageTitle" name="verifyTitle" time="0.003"/>
  <testcase classname="org.KylieCosmetics.VerifyHomePageTitle" name="teardown" time="0.11"/>
</testsuite> <!-- /Users/smitabose/IdeaProjects/KylieCosmetics_GP/src/test/java/org/KylieCosmetics/VerifyHomePageTitle.java -->
