<?xml version="1.0" encoding="UTF-8"?>
<!-- Generated by org.testng.reporters.JUnitXMLReporter -->
<testsuite ignored="0" hostname="Smitas-MacBook-Air.local" failures="0" tests="4" name="/Users/smitabose/IdeaProjects/KylieCosmetics_GP/src/test/java/org/KylieCosmetics/SecurityTest.java" time="9.216" errors="0" timestamp="2023-05-06T14:47:32 IST">
  <testcase classname="org.KylieCosmetics.SecurityTest" name="environmentTest" time="8.966"/>
  <testcase classname="org.KylieCosmetics.SecurityTest" name="setCookieConsent" time="0.089"/>
  <testcase classname="org.KylieCosmetics.SecurityTest" name="testSSLCertificate" time="0.049"/>
  <testcase classname="org.KylieCosmetics.SecurityTest" name="teardown" time="0.109"/>
</testsuite> <!-- /Users/smitabose/IdeaProjects/KylieCosmetics_GP/src/test/java/org/KylieCosmetics/SecurityTest.java -->
