<?xml version="1.0" encoding="UTF-8"?>
<!-- Generated by org.testng.reporters.JUnitXMLReporter -->
<testsuite ignored="0" hostname="Smitas-MacBook-Air.local" failures="0" tests="3" name="/Users/smitabose/IdeaProjects/KylieCosmetics_GP/src/test/java/org/KylieCosmetics/MobileResponsivenessTest.java" time="19.756" errors="0" timestamp="2023-05-06T14:48:02 IST">
  <testcase classname="org.KylieCosmetics.MobileResponsivenessTest" name="CookieConsent" time="0.07"/>
  <testcase classname="org.KylieCosmetics.MobileResponsivenessTest" name="menuIcon" time="2.162"/>
  <testcase classname="org.KylieCosmetics.MobileResponsivenessTest" name="setLogin" time="7.903"/>
</testsuite> <!-- /Users/smitabose/IdeaProjects/KylieCosmetics_GP/src/test/java/org/KylieCosmetics/MobileResponsivenessTest.java -->
