<?xml version="1.0" encoding="UTF-8"?>
<!-- Generated by org.testng.reporters.JUnitXMLReporter -->
<testsuite ignored="0" hostname="Smitas-MacBook-Air.local" failures="0" tests="4" name="/Users/smitabose/IdeaProjects/KylieCosmetics_GP/src/test/java/org/KylieCosmetics/SocialMediaLinksTest.java" time="26.285" errors="0" timestamp="2023-05-08T02:51:48 IST">
  <testcase classname="org.KylieCosmetics.SocialMediaLinksTest" name="CookieConsent" time="0.036"/>
  <testcase classname="org.KylieCosmetics.SocialMediaLinksTest" name="facebookTest" time="8.144"/>
  <testcase classname="org.KylieCosmetics.SocialMediaLinksTest" name="instagramTest" time="5.087"/>
  <testcase classname="org.KylieCosmetics.SocialMediaLinksTest" name="twitterTest" time="5.093"/>
</testsuite> <!-- /Users/smitabose/IdeaProjects/KylieCosmetics_GP/src/test/java/org/KylieCosmetics/SocialMediaLinksTest.java -->
