<?xml version="1.0" encoding="UTF-8"?>
<!-- Generated by org.testng.reporters.JUnitXMLReporter -->
<testsuite ignored="0" hostname="Smitas-MacBook-Air.local" failures="0" tests="4" name="/Users/smitabose/IdeaProjects/KylieCosmetics_GP/src/test/java/org/KylieCosmetics/SecurityTest.java" time="8.572" errors="0" timestamp="2023-05-08T02:49:33 IST">
  <testcase classname="org.KylieCosmetics.SecurityTest" name="environmentTest" time="8.367"/>
  <testcase classname="org.KylieCosmetics.SecurityTest" name="setCookieConsent" time="0.036"/>
  <testcase classname="org.KylieCosmetics.SecurityTest" name="testSSLCertificate" time="0.053"/>
  <testcase classname="org.KylieCosmetics.SecurityTest" name="teardown" time="0.112"/>
</testsuite> <!-- /Users/smitabose/IdeaProjects/KylieCosmetics_GP/src/test/java/org/KylieCosmetics/SecurityTest.java -->
