<?xml version="1.0" encoding="UTF-8"?>
<!-- Generated by org.testng.reporters.JUnitXMLReporter -->
<testsuite ignored="0" hostname="Smitas-MacBook-Air.local" failures="0" tests="3" name="/Users/smitabose/IdeaProjects/KylieCosmetics_GP/src/test/java/org/KylieCosmetics/MobileResponsivenessTest.java" time="15.682" errors="0" timestamp="2023-05-08T02:50:00 IST">
  <testcase classname="org.KylieCosmetics.MobileResponsivenessTest" name="CookieConsent" time="0.071"/>
  <testcase classname="org.KylieCosmetics.MobileResponsivenessTest" name="menuIcon" time="2.15"/>
  <testcase classname="org.KylieCosmetics.MobileResponsivenessTest" name="setLogin" time="3.765"/>
</testsuite> <!-- /Users/smitabose/IdeaProjects/KylieCosmetics_GP/src/test/java/org/KylieCosmetics/MobileResponsivenessTest.java -->
