<?xml version="1.0" encoding="UTF-8"?>
<!-- Generated by org.testng.reporters.JUnitXMLReporter -->
<testsuite ignored="0" hostname="Smitas-MacBook-Air.local" failures="0" tests="10" name="/Users/smitabose/IdeaProjects/KylieCosmetics_GP/src/test/java/org/KylieCosmetics/FunctionalityTest.java" time="53.715" errors="0" timestamp="2023-05-08T02:51:22 IST">
  <testcase classname="org.KylieCosmetics.FunctionalityTest" name="environmentTest" time="7.83"/>
  <testcase classname="org.KylieCosmetics.FunctionalityTest" name="CookieConsent" time="0.04"/>
  <testcase classname="org.KylieCosmetics.FunctionalityTest" name="login" time="12.749"/>
  <testcase classname="org.KylieCosmetics.FunctionalityTest" name="search" time="12.764"/>
  <testcase classname="org.KylieCosmetics.FunctionalityTest" name="getProductDetails" time="2.342"/>
  <testcase classname="org.KylieCosmetics.FunctionalityTest" name="addToWishlist" time="3.034"/>
  <testcase classname="org.KylieCosmetics.FunctionalityTest" name="checkWishList" time="4.815"/>
  <testcase classname="org.KylieCosmetics.FunctionalityTest" name="productAddToCart" time="3.071"/>
  <testcase classname="org.KylieCosmetics.FunctionalityTest" name="checkoutProduct" time="6.887"/>
  <testcase classname="org.KylieCosmetics.FunctionalityTest" name="teardown" time="0.163"/>
</testsuite> <!-- /Users/smitabose/IdeaProjects/KylieCosmetics_GP/src/test/java/org/KylieCosmetics/FunctionalityTest.java -->
